<?xml version="1.0" encoding="UTF-8"?>
<!-- Generated by org.testng.reporters.JUnitXMLReporter -->
<testsuite ignored="0" hostname="LAPTOP-4CH3PME9" failures="1" tests="2" name="Test" time="24.636" errors="0" timestamp="2022-11-17T18:20:44 IST">
  <testcase classname="Test_Utility.loginTest" name="clickonbutton" time="0.005">
    <failure type="java.lang.NullPointerException" message="Cannot invoke &amp;quot;org.openqa.selenium.WebElement.click()&amp;quot; because &amp;quot;Page_Utility.loginPage.closebutton&amp;quot; is null">
      <![CDATA[java.lang.NullPointerException: Cannot invoke "org.openqa.selenium.WebElement.click()" because "Page_Utility.loginPage.closebutton" is null
at Page_Utility.loginPage.clickonclosebutton(loginPage.java:34)
at Test_Utility.loginTest.clickonbutton(loginTest.java:32)
at java.base/java.util.ArrayList.forEach(ArrayList.java:1511)
... Removed 27 stack frames]]>
    </failure>
  </testcase> <!-- clickonbutton -->
  <testcase classname="Test_Utility.loginTest" name="getTitel" time="0.62"/>
</testsuite> <!-- Test -->
