<?xml version="1.0" encoding="UTF-8"?>
<!-- Generated by org.testng.reporters.JUnitXMLReporter -->
<testsuite ignored="0" hostname="LAPTOP-4CH3PME9" failures="0" tests="3" name="keshav tesing" time="28.713" errors="0" timestamp="2022-11-23T00:14:07 IST">
  <testcase classname="Test_Utility.loginTest" name="clickonbutton" time="0.112"/>
  <testcase classname="Test_Utility.loginTest" name="getTitel" time="0.246"/>
  <testcase classname="Test_Utility.loginTest" name="clickbutton" time="5.686"/>
</testsuite> <!-- keshav tesing -->
